<?xml version="1.0" encoding="UTF-8"?>
<!-- Generated by org.testng.reporters.JUnitXMLReporter -->
<testsuite ignored="0" hostname="MacBook-Air-2.local" failures="0" tests="2" name="ChromeTest" time="32.265" errors="0" timestamp="2025-09-09T19:01:41 GMT-05:00">
  <testcase classname="testCases.TC001_AccountResgistrationTest" name="verify_account_registration" time="4.838"/>
  <testcase classname="testCases.TC002_LoginTest" name="verify_account_login" time="2.434"/>
</testsuite> <!-- ChromeTest -->
