<?xml version="1.0" encoding="UTF-8"?>
<testng-results ignored="0" total="1" passed="1" failed="0" skipped="0">
  <reporter-output>
  </reporter-output>
  <suite started-at="2025-09-23T14:54:52 GMT-05:00" name="Master Suite" finished-at="2025-09-23T14:56:04 GMT-05:00" duration-ms="72466">
    <groups>
      <group name="Master">
        <method signature="TC009_FP_ResetPasswordTest.verify_password_reset()[pri:0, instance:testCases.TC009_FP_ResetPasswordTest@4879f0f2]" name="verify_password_reset" class="testCases.TC009_FP_ResetPasswordTest"/>
      </group> <!-- Master -->
      <group name="Sanity">
        <method signature="TC009_FP_ResetPasswordTest.verify_password_reset()[pri:0, instance:testCases.TC009_FP_ResetPasswordTest@4879f0f2]" name="verify_password_reset" class="testCases.TC009_FP_ResetPasswordTest"/>
      </group> <!-- Sanity -->
    </groups>
    <test started-at="2025-09-23T14:54:52 GMT-05:00" name="Test" finished-at="2025-09-23T14:56:04 GMT-05:00" duration-ms="72466">
      <class name="testCases.TC009_FP_ResetPasswordTest">
        <test-method is-config="true" signature="setup(java.lang.String,java.lang.String)[pri:0, instance:testCases.TC009_FP_ResetPasswordTest@4879f0f2]" started-at="2025-09-23T14:54:52 GMT-05:00" name="setup" finished-at="2025-09-23T14:55:44 GMT-05:00" duration-ms="51829" status="PASS">
          <params>
            <param index="0">
              <value>
                <![CDATA[linux]]>
              </value>
            </param>
            <param index="1">
              <value>
                <![CDATA[chrome]]>
              </value>
            </param>
          </params>
          <reporter-output>
          </reporter-output>
        </test-method> <!-- setup -->
        <test-method signature="verify_password_reset()[pri:0, instance:testCases.TC009_FP_ResetPasswordTest@4879f0f2]" started-at="2025-09-23T14:55:44 GMT-05:00" name="verify_password_reset" finished-at="2025-09-23T14:56:04 GMT-05:00" duration-ms="20163" status="PASS">
          <reporter-output>
          </reporter-output>
        </test-method> <!-- verify_password_reset -->
        <test-method is-config="true" signature="tearDown()[pri:0, instance:testCases.TC009_FP_ResetPasswordTest@4879f0f2]" started-at="2025-09-23T14:56:04 GMT-05:00" name="tearDown" finished-at="2025-09-23T14:56:04 GMT-05:00" duration-ms="181" status="PASS">
          <reporter-output>
          </reporter-output>
        </test-method> <!-- tearDown -->
      </class> <!-- testCases.TC009_FP_ResetPasswordTest -->
    </test> <!-- Test -->
  </suite> <!-- Master Suite -->
</testng-results>
