<?xml version="1.0" encoding="UTF-8"?>
<!-- Generated by org.testng.reporters.JUnitXMLReporter -->
<testsuite ignored="0" hostname="MacBook-Air-2.local" failures="0" tests="7" name="Test" time="103.968" errors="0" timestamp="2025-09-22T17:40:42 GMT-05:00">
  <testcase classname="testCases.TC001_AccountResgistrationTest" name="verify_account_registration" time="11.702"/>
  <testcase classname="testCases.TC002_LoginTest" name="verify_account_login" time="4.493"/>
  <testcase classname="testCases.TC004_LogoutTest" name="verify_account_logout" time="4.87"/>
  <testcase classname="testCases.TC004_LogoutTest" name="verify_account_logout_HomePage" time="1.001"/>
  <testcase classname="testCases.TC006_LG_BrowseBack" name="verify_browseBack" time="6.688"/>
  <testcase classname="testCases.TC007_LG_NoLogoutBeforeLogin" name="verify_no_logout_before_login" time="1.029"/>
  <testcase classname="testCases.TC008_LG_NoLogoutWhenRegister" name="verify_no_logout_when_register" time="3.503"/>
</testsuite> <!-- Test -->
