<?xml version="1.0" encoding="UTF-8"?>
<!-- Generated by org.testng.reporters.JUnitXMLReporter -->
<testsuite ignored="0" hostname="MacBook-Air-2.local" failures="0" tests="2" name="chromeTest" time="42.923" errors="0" timestamp="2025-09-12T00:43:59 GMT-05:00">
  <testcase classname="testCases.TC001_AccountResgistrationTest" name="verify_account_registration" time="7.254"/>
  <testcase classname="testCases.TC002_LoginTest" name="verify_account_login" time="6.609"/>
</testsuite> <!-- chromeTest -->
